Requirement already satisfied: selenium in c:\users\poopm\desktop\superscraper_protype\venv\lib\site-packages (from -r requirements.txt (line 1)) (4.34.2)
Requirement already satisfied: pandas in c:\users\poopm\desktop\superscraper_protype\venv\lib\site-packages (from -r requirements.txt (line 2)) (2.3.1)
Requirement already satisfied: openpyxl in c:\users\poopm\desktop\superscraper_protype\venv\lib\site-packages (from -r requirements.txt (line 3)) (3.1.5)
Requirement already satisfied: urllib3~=2.5.0 in c:\users\poopm\desktop\superscraper_protype\venv\lib\site-packages (from urllib3[socks]~=2.5.0->selenium->-r requirements.txt (line 1)) (2.5.0)
Requirement already satisfied: trio~=0.30.0 in c:\users\poopm\desktop\superscraper_protype\venv\lib\site-packages (from selenium->-r requirements.txt (line 1)) (0.30.0)
Requirement already satisfied: trio-websocket~=0.12.2 in c:\users\poopm\desktop\superscraper_protype\venv\lib\site-packages (from selenium->-r requirements.txt (line 1)) (0.12.2)
Requirement already satisfied: certifi>=2025.6.15 in c:\users\poopm\desktop\superscraper_protype\venv\lib\site-packages (from selenium->-r requirements.txt (line 1)) (2025.7.14)
Requirement already satisfied: typing_extensions~=4.14.0 in c:\users\poopm\desktop\superscraper_protype\venv\lib\site-packages (from selenium->-r requirements.txt (line 1)) (4.14.1)
Requirement already satisfied: websocket-client~=1.8.0 in c:\users\poopm\desktop\superscraper_protype\venv\lib\site-packages (from selenium->-r requirements.txt (line 1)) (1.8.0)
Requirement already satisfied: numpy>=1.26.0 in c:\users\poopm\desktop\superscraper_protype\venv\lib\site-packages (from pandas->-r requirements.txt (line 2)) (2.3.1)
Requirement already satisfied: python-dateutil>=2.8.2 in c:\users\poopm\desktop\superscraper_protype\venv\lib\site-packages (from pandas->-r requirements.txt (line 2)) (2.9.0.post0)
Requirement already satisfied: pytz>=2020.1 in c:\users\poopm\desktop\superscraper_protype\venv\lib\site-packages (from pandas->-r requirements.txt (line 2)) (2025.2)
Requirement already satisfied: tzdata>=2022.7 in c:\users\poopm\desktop\superscraper_protype\venv\lib\site-packages (from pandas->-r requirements.txt (line 2)) (2025.2)
Requirement already satisfied: et-xmlfile in c:\users\poopm\desktop\superscraper_protype\venv\lib\site-packages (from openpyxl->-r requirements.txt (line 3)) (2.0.0)
Requirement already satisfied: six>=1.5 in c:\users\poopm\desktop\superscraper_protype\venv\lib\site-packages (from python-dateutil>=2.8.2->pandas->-r requirements.txt (line 2)) (1.17.0)
Requirement already satisfied: attrs>=23.2.0 in c:\users\poopm\desktop\superscraper_protype\venv\lib\site-packages (from trio~=0.30.0->selenium->-r requirements.txt (line 1)) (25.3.0)
Requirement already satisfied: sortedcontainers in c:\users\poopm\desktop\superscraper_protype\venv\lib\site-packages (from trio~=0.30.0->selenium->-r requirements.txt (line 1)) (2.4.0)
Requirement already satisfied: idna in c:\users\poopm\desktop\superscraper_protype\venv\lib\site-packages (from trio~=0.30.0->selenium->-r requirements.txt (line 1)) (3.10)
Requirement already satisfied: outcome in c:\users\poopm\desktop\superscraper_protype\venv\lib\site-packages (from trio~=0.30.0->selenium->-r requirements.txt (line 1)) (1.3.0.post0)
Requirement already satisfied: sniffio>=1.3.0 in c:\users\poopm\desktop\superscraper_protype\venv\lib\site-packages (from trio~=0.30.0->selenium->-r requirements.txt (line 1)) (1.3.1)
Requirement already satisfied: cffi>=1.14 in c:\users\poopm\desktop\superscraper_protype\venv\lib\site-packages (from trio~=0.30.0->selenium->-r requirements.txt (line 1)) (1.17.1)
Requirement already satisfied: wsproto>=0.14 in c:\users\poopm\desktop\superscraper_protype\venv\lib\site-packages (from trio-websocket~=0.12.2->selenium->-r requirements.txt (line 1)) (1.2.0)
Requirement already satisfied: pysocks!=1.5.7,<2.0,>=1.5.6 in c:\users\poopm\desktop\superscraper_protype\venv\lib\site-packages (from urllib3[socks]~=2.5.0->selenium->-r requirements.txt (line 1)) (1.7.1)
Requirement already satisfied: pycparser in c:\users\poopm\desktop\superscraper_protype\venv\lib\site-packages (from cffi>=1.14->trio~=0.30.0->selenium->-r requirements.txt (line 1)) (2.22)
Requirement already satisfied: h11<1,>=0.9.0 in c:\users\poopm\desktop\superscraper_protype\venv\lib\site-packages (from wsproto>=0.14->trio-websocket~=0.12.2->selenium->-r requirements.txt (line 1)) (0.16.0)

[notice] A new release of pip is available: 24.0 -> 25.1.1
[notice] To update, run: python.exe -m pip install --upgrade pip
